2017-06-24 21:21:58 [ThreadId 7] ERROR phoityne - [WARN] stepOut command is not supported. ignored.
2017-06-24 21:22:03 [ThreadId 7] ERROR phoityne - "\"extractSourcePosition\" (line 16, column 6):\nunexpected end of input\nexpecting \"Stopped at \" or \"Stopped in \" [INPUT]  detects script element\n  detects capitalized script element\n  detects html encoded script element FAILED [1]\n\nFailures:\n\n  /Users/peterhrvola/dev/bakalarka/analyzer/security-log/test/Analyses/XssSpec.hs:32: \n  1) analyse detects html encoded script element\n       predicate failed on: Nothing\n\nRandomized with seed 1873514190\n\nFinished in 24.6268 seconds\n3 examples, 1 failure\n*** Exception: ExitFailure 1\nH>>= "
2017-06-24 21:26:16 [ThreadId 7] ERROR phoityne - "error: Data constructor not in scope: Token"
2017-06-24 21:27:47 [ThreadId 7] ERROR phoityne - "error: Variable not in scope: checkIfAllElementIsAllowed"
2017-06-24 21:27:48 [ThreadId 7] ERROR phoityne - "error: Variable not in scope: checkIfAllElementIsAllowed"
2017-06-24 21:27:50 [ThreadId 7] ERROR phoityne - "error: Variable not in scope: xs"
2017-06-24 21:27:52 [ThreadId 7] ERROR phoityne - "error: Variable not in scope: name"
2017-06-24 21:27:53 [ThreadId 7] ERROR phoityne - "error: Variable not in scope: name"
2017-06-24 21:27:54 [ThreadId 7] ERROR phoityne - "error: Variable not in scope: attributes"
2017-06-24 21:27:57 [ThreadId 7] ERROR phoityne - "error: \8226 Found hole: _ :: t Where: \8216t\8217 is a rigid type variable bound by the inferred type of it :: t at <interactive>:1:1 \8226 In the expression: _"
2017-06-24 22:41:34 [ThreadId 7] ERROR phoityne - "error: Not in scope: data constructor \8216Data.Text\8217 No module named \8216Data\8217 is imported."
2017-06-24 22:42:26 [ThreadId 7] ERROR phoityne - "error: parse error on input \8216->\8217"
2017-06-24 22:42:27 [ThreadId 7] ERROR phoityne - "error: Variable not in scope: checkIfAtttributeIsAllowed"
2017-06-24 22:42:29 [ThreadId 7] ERROR phoityne - "error: Variable not in scope: checkIfAllElementIsAllowed"
2017-06-24 22:42:32 [ThreadId 7] ERROR phoityne - "error: Variable not in scope: name"
2017-06-24 22:42:32 [ThreadId 7] ERROR phoityne - "error: Variable not in scope: name"
2017-06-24 22:42:36 [ThreadId 7] ERROR phoityne - "error: Variable not in scope: checkIfAllElementIsAllowed"
2017-06-24 22:42:39 [ThreadId 7] ERROR phoityne - "error: Variable not in scope: xs"
2017-06-24 22:42:40 [ThreadId 7] ERROR phoityne - "error: Variable not in scope: xs"
2017-06-24 22:42:44 [ThreadId 7] ERROR phoityne - "error: Variable not in scope: a"
2017-06-24 22:45:16 [ThreadId 7] ERROR phoityne - "error: Variable not in scope: x"
2017-06-24 22:45:38 [ThreadId 7] ERROR phoityne - "error: Variable not in scope: x"
2017-06-24 22:45:50 [ThreadId 7] ERROR phoityne - "error: Variable not in scope: xs"
2017-06-24 22:45:50 [ThreadId 7] ERROR phoityne - "error: Variable not in scope: value"
2017-06-24 22:45:51 [ThreadId 7] ERROR phoityne - "error: Variable not in scope: xs"
